# JRE version: OpenJDK Runtime Environment Temurin-17.0.10+7 (17.0.10+7) (build 17.0.10+7)
# Java VM: OpenJDK 64-Bit Server VM Temurin-17.0.10+7 (17.0.10+7, mixed mode, tiered, compressed oops, compressed class ptrs, parallel gc, windows-amd64)
GC Precious Log:
 CPUs: 8 total, 8 available
 Memory: 7834M
 Large Page Support: Disabled
 NUMA Support: Disabled
 Compressed Oops: Enabled (32-bit)
 Alignments: Space 512K, Generation 512K, Heap 2M
 Heap Min Capacity: 100M
 Heap Initial Capacity: 100M
 Heap Max Capacity: 1G
 Pre-touch: Disabled
 Parallel Workers: 8
Heap:
 PSYoungGen      total 12800K, used 0K [0x00000000eab00000, 0x00000000eb980000, 0x0000000100000000)
  eden space 12288K, 0% used [0x00000000eab00000,0x00000000eab00000,0x00000000eb700000)
  from space 512K, 0% used [0x00000000eb900000,0x00000000eb900000,0x00000000eb980000)
  to   space 512K, 0% used [0x00000000eb880000,0x00000000eb880000,0x00000000eb900000)
 ParOldGen       total 95232K, used 87651K [0x00000000c0000000, 0x00000000c5d00000, 0x00000000eab00000)
  object space 95232K, 92% used [0x00000000c0000000,0x00000000c5598dd8,0x00000000c5d00000)
 Metaspace       used 70767K, committed 71872K, reserved 1114112K
  class space    used 7592K, committed 8064K, reserved 1048576K
GC Heap History (20 events):
Event: 9.810 GC heap before
{Heap before GC invocations=38 (full 3):
 PSYoungGen      total 21504K, used 21216K [0x00000000eab00000, 0x00000000ec200000, 0x0000000100000000)
  eden space 19456K, 100% used [0x00000000eab00000,0x00000000ebe00000,0x00000000ebe00000)
  from space 2048K, 85% used [0x00000000ec000000,0x00000000ec1b8030,0x00000000ec200000)
  to   space 2048K, 0% used [0x00000000ebe00000,0x00000000ebe00000,0x00000000ec000000)
 ParOldGen       total 68608K, used 34065K [0x00000000c0000000, 0x00000000c4300000, 0x00000000eab00000)
  object space 68608K, 49% used [0x00000000c0000000,0x00000000c2144648,0x00000000c4300000)
 Metaspace       used 68150K, committed 69184K, reserved 1114112K
  class space    used 7353K, committed 7808K, reserved 1048576K
}
Event: 9.812 GC heap after
{Heap after GC invocations=38 (full 3):
 PSYoungGen      total 21504K, used 1824K [0x00000000eab00000, 0x00000000ec200000, 0x0000000100000000)
  eden space 19456K, 0% used [0x00000000eab00000,0x00000000eab00000,0x00000000ebe00000)
  from space 2048K, 89% used [0x00000000ebe00000,0x00000000ebfc8010,0x00000000ec000000)
  to   space 2048K, 0% used [0x00000000ec000000,0x00000000ec000000,0x00000000ec200000)
 ParOldGen       total 68608K, used 35678K [0x00000000c0000000, 0x00000000c4300000, 0x00000000eab00000)
  object space 68608K, 52% used [0x00000000c0000000,0x00000000c22d78e0,0x00000000c4300000)
 Metaspace       used 68150K, committed 69184K, reserved 1114112K
  class space    used 7353K, committed 7808K, reserved 1048576K
}
Event: 9.878 GC heap before
{Heap before GC invocations=39 (full 3):
 PSYoungGen      total 21504K, used 21280K [0x00000000eab00000, 0x00000000ec200000, 0x0000000100000000)
  eden space 19456K, 100% used [0x00000000eab00000,0x00000000ebe00000,0x00000000ebe00000)
  from space 2048K, 89% used [0x00000000ebe00000,0x00000000ebfc8010,0x00000000ec000000)
  to   space 2048K, 0% used [0x00000000ec000000,0x00000000ec000000,0x00000000ec200000)
 ParOldGen       total 68608K, used 35678K [0x00000000c0000000, 0x00000000c4300000, 0x00000000eab00000)
  object space 68608K, 52% used [0x00000000c0000000,0x00000000c22d78e0,0x00000000c4300000)
 Metaspace       used 68433K, committed 69440K, reserved 1114112K
  class space    used 7379K, committed 7808K, reserved 1048576K
}
Event: 9.880 GC heap after
{Heap after GC invocations=39 (full 3):
 PSYoungGen      total 18944K, used 2022K [0x00000000eab00000, 0x00000000ec700000, 0x0000000100000000)
  eden space 16896K, 0% used [0x00000000eab00000,0x00000000eab00000,0x00000000ebb80000)
  from space 2048K, 98% used [0x00000000ec000000,0x00000000ec1f9a20,0x00000000ec200000)
  to   space 4608K, 0% used [0x00000000ebb80000,0x00000000ebb80000,0x00000000ec000000)
 ParOldGen       total 68608K, used 37484K [0x00000000c0000000, 0x00000000c4300000, 0x00000000eab00000)
  object space 68608K, 54% used [0x00000000c0000000,0x00000000c249b320,0x00000000c4300000)
 Metaspace       used 68433K, committed 69440K, reserved 1114112K
  class space    used 7379K, committed 7808K, reserved 1048576K
}
Event: 9.926 GC heap before
{Heap before GC invocations=40 (full 3):
 PSYoungGen      total 18944K, used 18918K [0x00000000eab00000, 0x00000000ec700000, 0x0000000100000000)
  eden space 16896K, 100% used [0x00000000eab00000,0x00000000ebb80000,0x00000000ebb80000)
  from space 2048K, 98% used [0x00000000ec000000,0x00000000ec1f9a20,0x00000000ec200000)
  to   space 4608K, 0% used [0x00000000ebb80000,0x00000000ebb80000,0x00000000ec000000)
 ParOldGen       total 68608K, used 37484K [0x00000000c0000000, 0x00000000c4300000, 0x00000000eab00000)
  object space 68608K, 54% used [0x00000000c0000000,0x00000000c249b320,0x00000000c4300000)
 Metaspace       used 69015K, committed 70144K, reserved 1114112K
  class space    used 7436K, committed 7936K, reserved 1048576K
}
Event: 9.929 GC heap after
{Heap after GC invocations=40 (full 3):
 PSYoungGen      total 18944K, used 1552K [0x00000000eab00000, 0x00000000ec080000, 0x0000000100000000)
  eden space 16896K, 0% used [0x00000000eab00000,0x00000000eab00000,0x00000000ebb80000)
  from space 2048K, 75% used [0x00000000ebb80000,0x00000000ebd04030,0x00000000ebd80000)
  to   space 2560K, 0% used [0x00000000ebe00000,0x00000000ebe00000,0x00000000ec080000)
 ParOldGen       total 68608K, used 39440K [0x00000000c0000000, 0x00000000c4300000, 0x00000000eab00000)
  object space 68608K, 57% used [0x00000000c0000000,0x00000000c26841d8,0x00000000c4300000)
 Metaspace       used 69015K, committed 70144K, reserved 1114112K
  class space    used 7436K, committed 7936K, reserved 1048576K
}
Event: 9.966 GC heap before
{Heap before GC invocations=41 (full 3):
 PSYoungGen      total 18944K, used 18448K [0x00000000eab00000, 0x00000000ec080000, 0x0000000100000000)
  eden space 16896K, 100% used [0x00000000eab00000,0x00000000ebb80000,0x00000000ebb80000)
  from space 2048K, 75% used [0x00000000ebb80000,0x00000000ebd04030,0x00000000ebd80000)
  to   space 2560K, 0% used [0x00000000ebe00000,0x00000000ebe00000,0x00000000ec080000)
 ParOldGen       total 68608K, used 39440K [0x00000000c0000000, 0x00000000c4300000, 0x00000000eab00000)
  object space 68608K, 57% used [0x00000000c0000000,0x00000000c26841d8,0x00000000c4300000)
 Metaspace       used 69173K, committed 70272K, reserved 1114112K
  class space    used 7448K, committed 7936K, reserved 1048576K
}
Event: 9.969 GC heap after
{Heap after GC invocations=41 (full 3):
 PSYoungGen      total 18944K, used 1563K [0x00000000eab00000, 0x00000000ec000000, 0x0000000100000000)
  eden space 16896K, 0% used [0x00000000eab00000,0x00000000eab00000,0x00000000ebb80000)
  from space 2048K, 76% used [0x00000000ebe00000,0x00000000ebf86e38,0x00000000ec000000)
  to   space 2048K, 0% used [0x00000000ebb80000,0x00000000ebb80000,0x00000000ebd80000)
 ParOldGen       total 68608K, used 40744K [0x00000000c0000000, 0x00000000c4300000, 0x00000000eab00000)
  object space 68608K, 59% used [0x00000000c0000000,0x00000000c27ca208,0x00000000c4300000)
 Metaspace       used 69173K, committed 70272K, reserved 1114112K
  class space    used 7448K, committed 7936K, reserved 1048576K
}
Event: 10.014 GC heap before
{Heap before GC invocations=42 (full 3):
 PSYoungGen      total 18944K, used 18459K [0x00000000eab00000, 0x00000000ec000000, 0x0000000100000000)
  eden space 16896K, 100% used [0x00000000eab00000,0x00000000ebb80000,0x00000000ebb80000)
  from space 2048K, 76% used [0x00000000ebe00000,0x00000000ebf86e38,0x00000000ec000000)
  to   space 2048K, 0% used [0x00000000ebb80000,0x00000000ebb80000,0x00000000ebd80000)
 ParOldGen       total 68608K, used 40744K [0x00000000c0000000, 0x00000000c4300000, 0x00000000eab00000)
  object space 68608K, 59% used [0x00000000c0000000,0x00000000c27ca208,0x00000000c4300000)
 Metaspace       used 69296K, committed 70464K, reserved 1114112K
  class space    used 7463K, committed 7936K, reserved 1048576K
}
Event: 10.017 GC heap after
{Heap after GC invocations=42 (full 3):
 PSYoungGen      total 18944K, used 1824K [0x00000000eab00000, 0x00000000ebf80000, 0x0000000100000000)
  eden space 16896K, 0% used [0x00000000eab00000,0x00000000eab00000,0x00000000ebb80000)
  from space 2048K, 89% used [0x00000000ebb80000,0x00000000ebd48010,0x00000000ebd80000)
  to   space 2048K, 0% used [0x00000000ebd80000,0x00000000ebd80000,0x00000000ebf80000)
 ParOldGen       total 68608K, used 42144K [0x00000000c0000000, 0x00000000c4300000, 0x00000000eab00000)
  object space 68608K, 61% used [0x00000000c0000000,0x00000000c2928208,0x00000000c4300000)
 Metaspace       used 69296K, committed 70464K, reserved 1114112K
  class space    used 7463K, committed 7936K, reserved 1048576K
}
Event: 10.059 GC heap before
{Heap before GC invocations=43 (full 3):
 PSYoungGen      total 18944K, used 18720K [0x00000000eab00000, 0x00000000ebf80000, 0x0000000100000000)
  eden space 16896K, 99% used [0x00000000eab00000,0x00000000ebb7fff0,0x00000000ebb80000)
  from space 2048K, 89% used [0x00000000ebb80000,0x00000000ebd48010,0x00000000ebd80000)
  to   space 2048K, 0% used [0x00000000ebd80000,0x00000000ebd80000,0x00000000ebf80000)
 ParOldGen       total 68608K, used 42144K [0x00000000c0000000, 0x00000000c4300000, 0x00000000eab00000)
  object space 68608K, 61% used [0x00000000c0000000,0x00000000c2928208,0x00000000c4300000)
 Metaspace       used 69377K, committed 70528K, reserved 1114112K
  class space    used 7479K, committed 8000K, reserved 1048576K
}
Event: 10.062 GC heap after
{Heap after GC invocations=43 (full 3):
 PSYoungGen      total 18944K, used 1504K [0x00000000eab00000, 0x00000000ebf80000, 0x0000000100000000)
  eden space 16896K, 0% used [0x00000000eab00000,0x00000000eab00000,0x00000000ebb80000)
  from space 2048K, 73% used [0x00000000ebd80000,0x00000000ebef8000,0x00000000ebf80000)
  to   space 2048K, 0% used [0x00000000ebb80000,0x00000000ebb80000,0x00000000ebd80000)
 ParOldGen       total 68608K, used 43782K [0x00000000c0000000, 0x00000000c4300000, 0x00000000eab00000)
  object space 68608K, 63% used [0x00000000c0000000,0x00000000c2ac1b98,0x00000000c4300000)
 Metaspace       used 69377K, committed 70528K, reserved 1114112K
  class space    used 7479K, committed 8000K, reserved 1048576K
}
Event: 10.093 GC heap before
{Heap before GC invocations=44 (full 3):
 PSYoungGen      total 18944K, used 18400K [0x00000000eab00000, 0x00000000ebf80000, 0x0000000100000000)
  eden space 16896K, 100% used [0x00000000eab00000,0x00000000ebb80000,0x00000000ebb80000)
  from space 2048K, 73% used [0x00000000ebd80000,0x00000000ebef8000,0x00000000ebf80000)
  to   space 2048K, 0% used [0x00000000ebb80000,0x00000000ebb80000,0x00000000ebd80000)
 ParOldGen       total 68608K, used 43782K [0x00000000c0000000, 0x00000000c4300000, 0x00000000eab00000)
  object space 68608K, 63% used [0x00000000c0000000,0x00000000c2ac1b98,0x00000000c4300000)
 Metaspace       used 69641K, committed 70784K, reserved 1114112K
  class space    used 7495K, committed 8000K, reserved 1048576K
}
Event: 10.095 GC heap after
{Heap after GC invocations=44 (full 3):
 PSYoungGen      total 18432K, used 1403K [0x00000000eab00000, 0x00000000ebe80000, 0x0000000100000000)
  eden space 16896K, 0% used [0x00000000eab00000,0x00000000eab00000,0x00000000ebb80000)
  from space 1536K, 91% used [0x00000000ebb80000,0x00000000ebcdefa0,0x00000000ebd00000)
  to   space 1536K, 0% used [0x00000000ebd00000,0x00000000ebd00000,0x00000000ebe80000)
 ParOldGen       total 68608K, used 45126K [0x00000000c0000000, 0x00000000c4300000, 0x00000000eab00000)
  object space 68608K, 65% used [0x00000000c0000000,0x00000000c2c11ba8,0x00000000c4300000)
 Metaspace       used 69641K, committed 70784K, reserved 1114112K
  class space    used 7495K, committed 8000K, reserved 1048576K
}
Event: 10.182 GC heap before
{Heap before GC invocations=45 (full 3):
 PSYoungGen      total 18432K, used 18299K [0x00000000eab00000, 0x00000000ebe80000, 0x0000000100000000)
  eden space 16896K, 100% used [0x00000000eab00000,0x00000000ebb80000,0x00000000ebb80000)
  from space 1536K, 91% used [0x00000000ebb80000,0x00000000ebcdefa0,0x00000000ebd00000)
  to   space 1536K, 0% used [0x00000000ebd00000,0x00000000ebd00000,0x00000000ebe80000)
 ParOldGen       total 68608K, used 45126K [0x00000000c0000000, 0x00000000c4300000, 0x00000000eab00000)
  object space 68608K, 65% used [0x00000000c0000000,0x00000000c2c11ba8,0x00000000c4300000)
 Metaspace       used 70328K, committed 71488K, reserved 1114112K
  class space    used 7554K, committed 8064K, reserved 1048576K
}
Event: 10.187 GC heap after
{Heap after GC invocations=45 (full 3):
 PSYoungGen      total 11264K, used 1536K [0x00000000eab00000, 0x00000000ecc80000, 0x0000000100000000)
  eden space 9728K, 0% used [0x00000000eab00000,0x00000000eab00000,0x00000000eb480000)
  from space 1536K, 100% used [0x00000000ebd00000,0x00000000ebe80000,0x00000000ebe80000)
  to   space 8704K, 0% used [0x00000000eb480000,0x00000000eb480000,0x00000000ebd00000)
 ParOldGen       total 68608K, used 51071K [0x00000000c0000000, 0x00000000c4300000, 0x00000000eab00000)
  object space 68608K, 74% used [0x00000000c0000000,0x00000000c31dff80,0x00000000c4300000)
 Metaspace       used 70328K, committed 71488K, reserved 1114112K
  class space    used 7554K, committed 8064K, reserved 1048576K
}
Event: 10.196 GC heap before
{Heap before GC invocations=46 (full 3):
 PSYoungGen      total 11264K, used 8539K [0x00000000eab00000, 0x00000000ecc80000, 0x0000000100000000)
  eden space 9728K, 71% used [0x00000000eab00000,0x00000000eb1d6f00,0x00000000eb480000)
  from space 1536K, 100% used [0x00000000ebd00000,0x00000000ebe80000,0x00000000ebe80000)
  to   space 8704K, 0% used [0x00000000eb480000,0x00000000eb480000,0x00000000ebd00000)
 ParOldGen       total 68608K, used 51071K [0x00000000c0000000, 0x00000000c4300000, 0x00000000eab00000)
  object space 68608K, 74% used [0x00000000c0000000,0x00000000c31dff80,0x00000000c4300000)
 Metaspace       used 70333K, committed 71488K, reserved 1114112K
  class space    used 7555K, committed 8064K, reserved 1048576K
}
Event: 10.199 GC heap after
{Heap after GC invocations=46 (full 3):
 PSYoungGen      total 12800K, used 2891K [0x00000000eab00000, 0x00000000ebd80000, 0x0000000100000000)
  eden space 9728K, 0% used [0x00000000eab00000,0x00000000eab00000,0x00000000eb480000)
  from space 3072K, 94% used [0x00000000eb480000,0x00000000eb752c20,0x00000000eb780000)
  to   space 4608K, 0% used [0x00000000eb900000,0x00000000eb900000,0x00000000ebd80000)
 ParOldGen       total 68608K, used 52622K [0x00000000c0000000, 0x00000000c4300000, 0x00000000eab00000)
  object space 68608K, 76% used [0x00000000c0000000,0x00000000c3363bc0,0x00000000c4300000)
 Metaspace       used 70333K, committed 71488K, reserved 1114112K
  class space    used 7555K, committed 8064K, reserved 1048576K
}
Event: 10.227 GC heap before
{Heap before GC invocations=47 (full 3):
 PSYoungGen      total 12800K, used 12619K [0x00000000eab00000, 0x00000000ebd80000, 0x0000000100000000)
  eden space 9728K, 100% used [0x00000000eab00000,0x00000000eb480000,0x00000000eb480000)
  from space 3072K, 94% used [0x00000000eb480000,0x00000000eb752c20,0x00000000eb780000)
  to   space 4608K, 0% used [0x00000000eb900000,0x00000000eb900000,0x00000000ebd80000)
 ParOldGen       total 68608K, used 60322K [0x00000000c0000000, 0x00000000c4300000, 0x00000000eab00000)
  object space 68608K, 87% used [0x00000000c0000000,0x00000000c3ae8828,0x00000000c4300000)
 Metaspace       used 70487K, committed 71616K, reserved 1114112K
  class space    used 7571K, committed 8064K, reserved 1048576K
}
Event: 10.228 GC heap after
{Heap after GC invocations=47 (full 3):
 PSYoungGen      total 10240K, used 256K [0x00000000eab00000, 0x00000000eb980000, 0x0000000100000000)
  eden space 9728K, 0% used [0x00000000eab00000,0x00000000eab00000,0x00000000eb480000)
  from space 512K, 50% used [0x00000000eb900000,0x00000000eb940000,0x00000000eb980000)
  to   space 1536K, 0% used [0x00000000eb680000,0x00000000eb680000,0x00000000eb800000)
 ParOldGen       total 68608K, used 61066K [0x00000000c0000000, 0x00000000c4300000, 0x00000000eab00000)
  object space 68608K, 89% used [0x00000000c0000000,0x00000000c3ba2828,0x00000000c4300000)
 Metaspace       used 70487K, committed 71616K, reserved 1114112K
  class space    used 7571K, committed 8064K, reserved 1048576K
}

